<?xml version="1.0" encoding="UTF-8"?>
<testng-results ignored="0" total="1" passed="1" failed="0" skipped="0">
  <reporter-output>
  </reporter-output>
  <suite started-at="2024-02-06T12:30:15 IST" name="Suite" finished-at="2024-02-06T12:30:33 IST" duration-ms="17803">
    <groups>
    </groups>
    <test started-at="2024-02-06T12:30:15 IST" name="Test" finished-at="2024-02-06T12:30:33 IST" duration-ms="17803">
      <class name="TestCase.TC_001_Registration">
        <test-method is-config="true" signature="setup()[pri:0, instance:TestCase.TC_001_Registration@bcec361]" started-at="2024-02-06T12:30:16 IST" name="setup" finished-at="2024-02-06T12:30:27 IST" duration-ms="11119" status="PASS">
          <reporter-output>
          </reporter-output>
        </test-method> <!-- setup -->
        <test-method signature="AcctReg()[pri:0, instance:TestCase.TC_001_Registration@bcec361]" started-at="2024-02-06T12:30:27 IST" name="AcctReg" finished-at="2024-02-06T12:30:33 IST" duration-ms="5803" status="PASS">
          <reporter-output>
          </reporter-output>
        </test-method> <!-- AcctReg -->
        <test-method is-config="true" signature="close()[pri:0, instance:TestCase.TC_001_Registration@bcec361]" started-at="2024-02-06T12:30:33 IST" name="close" finished-at="2024-02-06T12:30:33 IST" duration-ms="149" status="PASS">
          <reporter-output>
          </reporter-output>
        </test-method> <!-- close -->
      </class> <!-- TestCase.TC_001_Registration -->
    </test> <!-- Test -->
  </suite> <!-- Suite -->
</testng-results>
